=== 2026-06-15 20:53:11 ===
GET: Array
(
)

POST: Array
(
    [login] => moderator@novsu.ru
    [password] => Moderator123!
)

Session started
database.php loaded
auth.php loaded
DB connected
Calling loginUser('moderator@novsu.ru', '***')
Result: Array
(
    [success] => 
    [message] => Аккаунт заблокирован. Повторите попытку через 1 мин.
)

JSON output: {"success":false,"message":"\u0410\u043a\u043a\u0430\u0443\u043d\u0442 \u0437\u0430\u0431\u043b\u043e\u043a\u0438\u0440\u043e\u0432\u0430\u043d. \u041f\u043e\u0432\u0442\u043e\u0440\u0438\u0442\u0435 \u043f\u043e\u043f\u044b\u0442\u043a\u0443 \u0447\u0435\u0440\u0435\u0437 1 \u043c\u0438\u043d."}
=== 2026-06-15 20:53:36 ===
GET: Array
(
)

POST: Array
(
    [login] => moderator@novsu.ru
    [password] => Moderator123!
)

Session started
database.php loaded
auth.php loaded
DB connected
Calling loginUser('moderator@novsu.ru', '***')
Result: Array
(
    [success] => 
    [message] => Аккаунт заблокирован. Повторите попытку через 1 мин.
)

JSON output: {"success":false,"message":"\u0410\u043a\u043a\u0430\u0443\u043d\u0442 \u0437\u0430\u0431\u043b\u043e\u043a\u0438\u0440\u043e\u0432\u0430\u043d. \u041f\u043e\u0432\u0442\u043e\u0440\u0438\u0442\u0435 \u043f\u043e\u043f\u044b\u0442\u043a\u0443 \u0447\u0435\u0440\u0435\u0437 1 \u043c\u0438\u043d."}
=== 2026-06-15 20:54:01 ===
GET: Array
(
)

POST: Array
(
    [login] => moderator@novsu.ru
    [password] => Moderator123!
)

Session started
database.php loaded
auth.php loaded
DB connected
Calling loginUser('moderator@novsu.ru', '***')
Result: Array
(
    [success] => 
    [message] => Аккаунт заблокирован. Повторите попытку через 0 мин.
)

JSON output: {"success":false,"message":"\u0410\u043a\u043a\u0430\u0443\u043d\u0442 \u0437\u0430\u0431\u043b\u043e\u043a\u0438\u0440\u043e\u0432\u0430\u043d. \u041f\u043e\u0432\u0442\u043e\u0440\u0438\u0442\u0435 \u043f\u043e\u043f\u044b\u0442\u043a\u0443 \u0447\u0435\u0440\u0435\u0437 0 \u043c\u0438\u043d."}
=== 2026-06-15 20:54:09 ===
GET: Array
(
)

POST: Array
(
    [login] => moderator@novsu.ru
    [password] => Moderator123!
)

Session started
database.php loaded
auth.php loaded
DB connected
Calling loginUser('moderator@novsu.ru', '***')
Result: Array
(
    [success] => 
    [message] => Аккаунт заблокирован. Повторите попытку через 0 мин.
)

JSON output: {"success":false,"message":"\u0410\u043a\u043a\u0430\u0443\u043d\u0442 \u0437\u0430\u0431\u043b\u043e\u043a\u0438\u0440\u043e\u0432\u0430\u043d. \u041f\u043e\u0432\u0442\u043e\u0440\u0438\u0442\u0435 \u043f\u043e\u043f\u044b\u0442\u043a\u0443 \u0447\u0435\u0440\u0435\u0437 0 \u043c\u0438\u043d."}
=== 2026-06-15 20:54:30 ===
GET: Array
(
)

POST: Array
(
    [login] => moderator@novsu.ru
    [password] => Moderator123!
)

Session started
database.php loaded
auth.php loaded
DB connected
Calling loginUser('moderator@novsu.ru', '***')
Result: Array
(
    [success] => 
    [message] => Аккаунт заблокирован. Повторите попытку через 0 мин.
)

JSON output: {"success":false,"message":"\u0410\u043a\u043a\u0430\u0443\u043d\u0442 \u0437\u0430\u0431\u043b\u043e\u043a\u0438\u0440\u043e\u0432\u0430\u043d. \u041f\u043e\u0432\u0442\u043e\u0440\u0438\u0442\u0435 \u043f\u043e\u043f\u044b\u0442\u043a\u0443 \u0447\u0435\u0440\u0435\u0437 0 \u043c\u0438\u043d."}
=== 2026-06-15 20:54:36 ===
GET: Array
(
)

POST: Array
(
    [login] => moderator@novsu.ru
    [password] => Moderator123!
)

Session started
database.php loaded
auth.php loaded
DB connected
Calling loginUser('moderator@novsu.ru', '***')
Result: Array
(
    [success] => 
    [message] => Аккаунт заблокирован. Повторите попытку через 0 мин.
)

JSON output: {"success":false,"message":"\u0410\u043a\u043a\u0430\u0443\u043d\u0442 \u0437\u0430\u0431\u043b\u043e\u043a\u0438\u0440\u043e\u0432\u0430\u043d. \u041f\u043e\u0432\u0442\u043e\u0440\u0438\u0442\u0435 \u043f\u043e\u043f\u044b\u0442\u043a\u0443 \u0447\u0435\u0440\u0435\u0437 0 \u043c\u0438\u043d."}
=== 2026-06-15 20:55:01 ===
GET: Array
(
)

POST: Array
(
    [login] => moderator@novsu.ru
    [password] => Moderator123!
)

Session started
database.php loaded
auth.php loaded
DB connected
Calling loginUser('moderator@novsu.ru', '***')
Result: Array
(
    [success] => 
    [message] => Неверный пароль. Осталось попыток: 4
)

JSON output: {"success":false,"message":"\u041d\u0435\u0432\u0435\u0440\u043d\u044b\u0439 \u043f\u0430\u0440\u043e\u043b\u044c. \u041e\u0441\u0442\u0430\u043b\u043e\u0441\u044c \u043f\u043e\u043f\u044b\u0442\u043e\u043a: 4"}
=== 2026-06-15 20:59:33 ===
GET: Array
(
)

POST: Array
(
    [login] => moderator@novsu.ru
    [password] => Moderator123!
)

Session started
database.php loaded
auth.php loaded
DB connected
Calling loginUser('moderator@novsu.ru', '***')
Result: Array
(
    [success] => 
    [message] => Неверный пароль. Осталось попыток: 3
)

JSON output: {"success":false,"message":"\u041d\u0435\u0432\u0435\u0440\u043d\u044b\u0439 \u043f\u0430\u0440\u043e\u043b\u044c. \u041e\u0441\u0442\u0430\u043b\u043e\u0441\u044c \u043f\u043e\u043f\u044b\u0442\u043e\u043a: 3"}
=== 2026-06-17 11:41:04 ===
GET: Array
(
)

POST: Array
(
    [login] => moderator@novsu.ru
    [password] => qwertyui
)

Session started
database.php loaded
auth.php loaded
DB connected
Calling loginUser('moderator@novsu.ru', '***')
Result: Array
(
    [success] => 1
    [message] => Вход выполнен успешно
)

JSON output: {"success":true,"message":"\u0412\u0445\u043e\u0434 \u0432\u044b\u043f\u043e\u043b\u043d\u0435\u043d \u0443\u0441\u043f\u0435\u0448\u043d\u043e"}
